rm: cannot remove 'log.txt': No such file or directory
---------Preprocessing replicates [0, 1, 2] ---------
(4323, 12, 3) (4323, 12, 3)
Keeping 2298 genes out of 4323
0.47120448350906374 minutes
---------Computing DMD operator---------
Dataset dimension (2298, 9, 3)
0.06018835703531901 minutes for DMD
---------Forcing sparsity in model with threshhold 0.003 ---------
Percent of nonzero parameters set to zero: 0.970607115541041
---------Computing R^2 for n-step prediction---------
4.625553131103516 seconds for n-step prediction
Coefficient of determination for n-step prediction is 9.698e-01
------Optimizing for Optimal State Observer------
------Using three trajectories------
Initial objective: -469598229.6764755
Final objective: -13390873849902.203
54.49479474623998 minutes


---------Preprocessing replicates [0, 1, 2] ---------
(4323, 12, 3) (4323, 12, 3)
Keeping 2298 genes out of 4323
0.46378838618596396 minutes
---------Computing DMD operator---------
Dataset dimension (2298, 9, 3)
0.06468851566314697 minutes for DMD
---------Forcing sparsity in model with threshhold 0.003 ---------
Percent of nonzero parameters set to zero: 0.970607115541041
---------Computing R^2 for n-step prediction---------
4.567659378051758 seconds for n-step prediction
Coefficient of determination for n-step prediction is 9.698e-01
------Optimizing for Optimal State Observer------
------Using three trajectories------
Initial objective: -494999672.9150667
Final objective: -163992819295188.75
12.513814063866933 minutes


---------Preprocessing replicates [0, 1, 2] ---------
(4323, 12, 3) (4323, 12, 3)
Keeping 2298 genes out of 4323
0.4549985011418661 minutes
---------Computing DMD operator---------
Dataset dimension (2298, 9, 3)
0.0639580249786377 minutes for DMD
---------Forcing sparsity in model with threshhold 0.003 ---------
Percent of nonzero parameters set to zero: 0.970607115541041
---------Computing R^2 for n-step prediction---------
4.6786768436431885 seconds for n-step prediction
Coefficient of determination for n-step prediction is 9.698e-01
------Optimizing for Optimal State Observer------
------Using three trajectories------
Initial objective: -484819931.4434078
Final objective: -1180530908558295.0
11.213892118136089 minutes


---------Preprocessing replicates [0, 1, 2] ---------
(4323, 12, 3) (4323, 12, 3)
Keeping 2298 genes out of 4323
0.45962777535120647 minutes
---------Computing DMD operator---------
Dataset dimension (2298, 9, 3)
0.06630797386169433 minutes for DMD
---------Forcing sparsity in model with threshhold 0.003 ---------
Percent of nonzero parameters set to zero: 0.970607115541041
---------Computing R^2 for n-step prediction---------
4.619075775146484 seconds for n-step prediction
Coefficient of determination for n-step prediction is 9.698e-01
------Optimizing for Optimal State Observer------
------Using three trajectories------
Initial objective: -483246473.82078844
Final objective: -449646107115485.2
12.255284476280213 minutes


---------Preprocessing replicates [0, 1, 2] ---------
(4323, 12, 3) (4323, 12, 3)
Keeping 2298 genes out of 4323
0.457571542263031 minutes
---------Computing DMD operator---------
Dataset dimension (2298, 9, 3)
0.06646445989608765 minutes for DMD
---------Forcing sparsity in model with threshhold 0.003 ---------
Percent of nonzero parameters set to zero: 0.970607115541041
---------Computing R^2 for n-step prediction---------
4.585584402084351 seconds for n-step prediction
Coefficient of determination for n-step prediction is 9.698e-01
------Optimizing for Optimal State Observer------
------Using three trajectories------
Initial objective: -522592792.65028924
Final objective: -220494084990043.47
10.936694300174713 minutes


---------Preprocessing replicates [0, 1, 2] ---------
(4323, 12, 3) (4323, 12, 3)
Keeping 2298 genes out of 4323
0.47233032385508217 minutes
---------Computing DMD operator---------
Dataset dimension (2298, 9, 3)
0.06334586143493652 minutes for DMD
---------Forcing sparsity in model with threshhold 0.003 ---------
Percent of nonzero parameters set to zero: 0.970607115541041
---------Computing R^2 for n-step prediction---------
4.624480724334717 seconds for n-step prediction
Coefficient of determination for n-step prediction is 9.698e-01
------Optimizing for Optimal State Observer------
------Using three trajectories------
Initial objective: -511098542.66242146
Final objective: -90851184155720.03
9.776635046799978 minutes


---------Preprocessing replicates [0, 1, 2] ---------
(4323, 12, 3) (4323, 12, 3)
Keeping 2298 genes out of 4323
0.45472854375839233 minutes
---------Computing DMD operator---------
Dataset dimension (2298, 9, 3)
0.06504147052764893 minutes for DMD
---------Forcing sparsity in model with threshhold 0.003 ---------
Percent of nonzero parameters set to zero: 0.970607115541041
---------Computing R^2 for n-step prediction---------
4.600274085998535 seconds for n-step prediction
Coefficient of determination for n-step prediction is 9.698e-01
------Optimizing for Optimal State Observer------
------Using three trajectories------
Initial objective: -487051263.6233884
Final objective: -8825416572563.227
112.03151296377182 minutes


---------Preprocessing replicates [0, 1, 2] ---------
(4323, 12, 3) (4323, 12, 3)
Keeping 2298 genes out of 4323
0.5234017411867777 minutes
---------Computing DMD operator---------
Dataset dimension (2298, 9, 3)
0.1325565973917643 minutes for DMD
---------Forcing sparsity in model with threshhold 0.003 ---------
Percent of nonzero parameters set to zero: 0.970607115541041
---------Computing R^2 for n-step prediction---------
6.384873390197754 seconds for n-step prediction
Coefficient of determination for n-step prediction is 9.698e-01
------Optimizing for Optimal State Observer------
------Using three trajectories------
Initial objective: -482812606.1369662
Final objective: -103005985223071.23
20.83846635023753 minutes


---------Preprocessing replicates [0, 1, 2] ---------
(4323, 12, 3) (4323, 12, 3)
Keeping 2298 genes out of 4323
0.5122353593508403 minutes
---------Computing DMD operator---------
Dataset dimension (2298, 9, 3)
0.11769181489944458 minutes for DMD
---------Forcing sparsity in model with threshhold 0.003 ---------
Percent of nonzero parameters set to zero: 0.970607115541041
---------Computing R^2 for n-step prediction---------
6.547506332397461 seconds for n-step prediction
Coefficient of determination for n-step prediction is 9.698e-01
------Optimizing for Optimal State Observer------
------Using three trajectories------
Initial objective: -493711255.5320568
Final objective: -6574538290459.211
35.55982805490494 minutes


---------Preprocessing replicates [0, 1, 2] ---------
(4323, 12, 3) (4323, 12, 3)
Keeping 2298 genes out of 4323
0.46144487857818606 minutes
---------Computing DMD operator---------
Dataset dimension (2298, 9, 3)
0.06499464909235636 minutes for DMD
---------Forcing sparsity in model with threshhold 0.003 ---------
Percent of nonzero parameters set to zero: 0.970607115541041
---------Computing R^2 for n-step prediction---------
4.620759010314941 seconds for n-step prediction
Coefficient of determination for n-step prediction is 9.698e-01
------Optimizing for Optimal State Observer------
------Using three trajectories------
Initial objective: -509805110.3210723
Final objective: -585255328150034.5
11.409141250451405 minutes


---------Preprocessing replicates [0, 1, 2] ---------
(4323, 12, 3) (4323, 12, 3)
Keeping 2298 genes out of 4323
0.4601654092470805 minutes
---------Computing DMD operator---------
Dataset dimension (2298, 9, 3)
0.06434165636698405 minutes for DMD
---------Forcing sparsity in model with threshhold 0.003 ---------
Percent of nonzero parameters set to zero: 0.970607115541041
---------Computing R^2 for n-step prediction---------
4.652076005935669 seconds for n-step prediction
Coefficient of determination for n-step prediction is 9.698e-01
------Optimizing for Optimal State Observer------
------Using three trajectories------
Initial objective: -489625849.4201678
Final objective: -40441776264771.19
9.747874355316162 minutes


---------Preprocessing replicates [0, 1, 2] ---------
(4323, 12, 3) (4323, 12, 3)
Keeping 2298 genes out of 4323
0.4531177600224813 minutes
---------Computing DMD operator---------
Dataset dimension (2298, 9, 3)
0.06410194238026937 minutes for DMD
---------Forcing sparsity in model with threshhold 0.003 ---------
Percent of nonzero parameters set to zero: 0.970607115541041
---------Computing R^2 for n-step prediction---------
4.639546871185303 seconds for n-step prediction
Coefficient of determination for n-step prediction is 9.698e-01
------Optimizing for Optimal State Observer------
------Using three trajectories------
Initial objective: -521769846.41995466
Final objective: -8647888075687.951
8.569015351931254 minutes


